0 info it worked if it ends with ok
1 verbose cli [ '/Users/mos6y/.nvm/versions/node/v4.5.0/bin/node',
1 verbose cli   '/Users/mos6y/.nvm/versions/node/v4.5.0/bin/npm',
1 verbose cli   'publish',
1 verbose cli   '--access=public' ]
2 info using npm@3.10.8
3 info using node@v4.5.0
4 verbose publish [ '.' ]
5 silly cache add args [ '.', null ]
6 verbose cache add spec .
7 silly cache add parsed spec Result {
7 silly cache add   raw: '.',
7 silly cache add   scope: null,
7 silly cache add   escapedName: null,
7 silly cache add   name: null,
7 silly cache add   rawSpec: '.',
7 silly cache add   spec: '/Users/mos6y/Documents/workspace/bokor',
7 silly cache add   type: 'directory' }
8 verbose addLocalDirectory /Users/mos6y/.npm/bokor/1.0.0/package.tgz not in flight; packing
9 verbose correctMkdir /Users/mos6y/.npm correctMkdir not in flight; initializing
10 info lifecycle bokor@1.0.0~prepublish: bokor@1.0.0
11 silly lifecycle bokor@1.0.0~prepublish: no script for prepublish, continuing
12 verbose tar pack [ '/Users/mos6y/.npm/bokor/1.0.0/package.tgz',
12 verbose tar pack   '/Users/mos6y/Documents/workspace/bokor' ]
13 verbose tarball /Users/mos6y/.npm/bokor/1.0.0/package.tgz
14 verbose folder /Users/mos6y/Documents/workspace/bokor
15 verbose addLocalTarball adding from inside cache /Users/mos6y/.npm/bokor/1.0.0/package.tgz
16 verbose correctMkdir /Users/mos6y/.npm correctMkdir not in flight; initializing
17 silly cache afterAdd bokor@1.0.0
18 verbose afterAdd /Users/mos6y/.npm/bokor/1.0.0/package/package.json not in flight; writing
19 verbose correctMkdir /Users/mos6y/.npm correctMkdir not in flight; initializing
20 verbose afterAdd /Users/mos6y/.npm/bokor/1.0.0/package/package.json written
21 silly publish { name: 'bokor',
21 silly publish   version: '1.0.0',
21 silly publish   description: 'server virtualization and mocking',
21 silly publish   main: 'index.js',
21 silly publish   scripts: { test: 'mocha --reporter nyan' },
21 silly publish   keywords: [ 'mock', 'virtulization', 'testing', 'ui' ],
21 silly publish   author:
21 silly publish    { name: 'Jimmy Eisenhauer',
21 silly publish      email: 'james.eisenhauer@gmail.com',
21 silly publish      url: 'https://github.com/jimmyeisenhauer' },
21 silly publish   license: 'ISC',
21 silly publish   devDependencies: { chai: '^3.5.0', mocha: '^3.1.2' },
21 silly publish   readme: 'Bokor\n=========\n\nServer Virtualization and Mocking\n\n## Installation\n\n  `npm install bokor`\n\n## Usage\n\n\n\n\n## Tests\n\n  `npm test`\n\n## Contributing\n\nIn lieu of a formal style guide, take care to maintain the existing coding style. Add unit tests for any new or changed functionality. Lint and test your code.\n',
21 silly publish   readmeFilename: 'README.md',
21 silly publish   _id: 'bokor@1.0.0',
21 silly publish   _shasum: '1b5ef63326ac28d5d313e69e2681fd64ae64f124',
21 silly publish   _from: '.' }
22 verbose getPublishConfig undefined
23 silly mapToRegistry name bokor
24 silly mapToRegistry using default registry
25 silly mapToRegistry registry https://registry.npmjs.org/
26 silly mapToRegistry data Result {
26 silly mapToRegistry   raw: 'bokor',
26 silly mapToRegistry   scope: null,
26 silly mapToRegistry   escapedName: 'bokor',
26 silly mapToRegistry   name: 'bokor',
26 silly mapToRegistry   rawSpec: '',
26 silly mapToRegistry   spec: 'latest',
26 silly mapToRegistry   type: 'tag' }
27 silly mapToRegistry uri https://registry.npmjs.org/bokor
28 verbose publish registryBase https://registry.npmjs.org/
29 silly publish uploading /Users/mos6y/.npm/bokor/1.0.0/package.tgz
30 verbose request uri https://registry.npmjs.org/bokor
31 verbose request sending authorization for write operation
32 info attempt registry request try #1 at 7:00:02 PM
33 verbose request using bearer token for auth
34 verbose request id d6a33787ea93cf8f
35 http request PUT https://registry.npmjs.org/bokor
36 http 403 https://registry.npmjs.org/bokor
37 verbose headers { 'content-type': 'application/json',
37 verbose headers   'cache-control': 'max-age=300',
37 verbose headers   'content-length': '95',
37 verbose headers   'accept-ranges': 'bytes',
37 verbose headers   date: 'Fri, 21 Oct 2016 02:00:03 GMT',
37 verbose headers   via: '1.1 varnish',
37 verbose headers   connection: 'keep-alive',
37 verbose headers   'x-served-by': 'cache-sea1926-SEA',
37 verbose headers   'x-cache': 'MISS',
37 verbose headers   'x-cache-hits': '0',
37 verbose headers   'x-timer': 'S1477015203.225638,VS0,VE96',
37 verbose headers   vary: 'Accept-Encoding' }
38 verbose request invalidating /Users/mos6y/.npm/registry.npmjs.org/bokor on PUT
39 error publish Failed PUT 403
40 verbose stack Error: "You cannot publish over the previously published version 1.0.0." : bokor
40 verbose stack     at makeError (/Users/mos6y/.nvm/versions/node/v4.5.0/lib/node_modules/npm/node_modules/npm-registry-client/lib/request.js:302:12)
40 verbose stack     at CachingRegistryClient.<anonymous> (/Users/mos6y/.nvm/versions/node/v4.5.0/lib/node_modules/npm/node_modules/npm-registry-client/lib/request.js:290:14)
40 verbose stack     at Request._callback (/Users/mos6y/.nvm/versions/node/v4.5.0/lib/node_modules/npm/node_modules/npm-registry-client/lib/request.js:210:14)
40 verbose stack     at Request.self.callback (/Users/mos6y/.nvm/versions/node/v4.5.0/lib/node_modules/npm/node_modules/request/request.js:187:22)
40 verbose stack     at emitTwo (events.js:87:13)
40 verbose stack     at Request.emit (events.js:172:7)
40 verbose stack     at Request.<anonymous> (/Users/mos6y/.nvm/versions/node/v4.5.0/lib/node_modules/npm/node_modules/request/request.js:1044:10)
40 verbose stack     at emitOne (events.js:77:13)
40 verbose stack     at Request.emit (events.js:169:7)
40 verbose stack     at IncomingMessage.<anonymous> (/Users/mos6y/.nvm/versions/node/v4.5.0/lib/node_modules/npm/node_modules/request/request.js:965:12)
41 verbose statusCode 403
42 verbose pkgid bokor
43 verbose cwd /Users/mos6y/Documents/workspace/bokor
44 error Darwin 16.0.0
45 error argv "/Users/mos6y/.nvm/versions/node/v4.5.0/bin/node" "/Users/mos6y/.nvm/versions/node/v4.5.0/bin/npm" "publish" "--access=public"
46 error node v4.5.0
47 error npm  v3.10.8
48 error code E403
49 error "You cannot publish over the previously published version 1.0.0." : bokor
50 error If you need help, you may report this error at:
50 error     <https://github.com/npm/npm/issues>
51 verbose exit [ 1, true ]
